2025-10-07 16:18:16,419 DEBUG    root            Loaded Command Group: ['gcloud', 'services']
2025-10-07 16:18:16,426 DEBUG    root            Loaded Command Group: ['gcloud', 'services', 'enable']
2025-10-07 16:18:16,427 DEBUG    root            Running [gcloud.services.enable] with arguments: [--project: "cosmic-airline-kgvlf", SERVICE:5: "['gmail.googleapis.com', 'drive.googleapis.com', 'sheets.googleapis.com', 'cloudfunctions.googleapis.com', 'pubsub.googleapis.com']"]
2025-10-07 16:18:16,452 DEBUG    urllib3.connectionpool Starting new HTTPS connection (1): serviceusage.googleapis.com:443
2025-10-07 16:18:17,126 DEBUG    urllib3.connectionpool https://serviceusage.googleapis.com:443 "POST /v1/projects/cosmic-airline-kgvlf/services:batchEnable?alt=json HTTP/11" 403 None
2025-10-07 16:18:17,129 DEBUG    root            Chosen display Format:default
2025-10-07 16:18:17,161 DEBUG    root            Chosen display Format:default
2025-10-07 16:18:17,159 DEBUG    root            (gcloud.services.enable) [rsplowman@icloud.com] does not have permission to access projects instance [cosmic-airline-kgvlf] (or it may not exist): Permission denied to enable service [cloudfunctions.googleapis.com]
Permission denied to enable service [drive.googleapis.com]
Permission denied to enable service [gmail.googleapis.com]
Permission denied to enable service [pubsub.googleapis.com]
Permission denied to enable service [sheets.googleapis.com]
Help Token: AVSZLmshHqeHnD1s1UpzK2ylRPE4EQkilPh4C7AEsGOCiBpb-mlEzRroJUSLOD3y3vsTbahMgp3WRwkUxaBFi1B5Bbiej9gIBCf6Ruo6PC1sqQUP. This command is authenticated as rsplowman@icloud.com which is the active account specified by the [core/account] property
- '@type': type.googleapis.com/google.rpc.PreconditionFailure
  violations:
  - subject: '110002'
    type: googleapis.com
- '@type': type.googleapis.com/google.rpc.ErrorInfo
  domain: serviceusage.googleapis.com
  reason: AUTH_PERMISSION_DENIED
Traceback (most recent call last):
  File "/opt/homebrew/share/google-cloud-sdk/lib/googlecloudsdk/api_lib/services/serviceusage.py", line 1086, in BatchEnableApiCall
    return client.services.BatchEnable(request)
           ^^^^^^^^^^^^^^^^^^^^^^^^^^^^^^^^^^^^
  File "/opt/homebrew/share/google-cloud-sdk/lib/googlecloudsdk/generated_clients/apis/serviceusage/v1/serviceusage_v1_client.py", line 182, in BatchEnable
    return self._RunMethod(
           ^^^^^^^^^^^^^^^^
  File "/opt/homebrew/share/google-cloud-sdk/lib/third_party/apitools/base/py/base_api.py", line 747, in _RunMethod
    return self.ProcessHttpResponse(method_config, http_response, request)
           ^^^^^^^^^^^^^^^^^^^^^^^^^^^^^^^^^^^^^^^^^^^^^^^^^^^^^^^^^^^^^^^
  File "/opt/homebrew/share/google-cloud-sdk/lib/third_party/apitools/base/py/base_api.py", line 753, in ProcessHttpResponse
    self.__ProcessHttpResponse(method_config, http_response, request))
    ^^^^^^^^^^^^^^^^^^^^^^^^^^^^^^^^^^^^^^^^^^^^^^^^^^^^^^^^^^^^^^^^^
  File "/opt/homebrew/share/google-cloud-sdk/lib/third_party/apitools/base/py/base_api.py", line 612, in __ProcessHttpResponse
    raise exceptions.HttpError.FromResponse(
apitools.base.py.exceptions.HttpForbiddenError: HttpError accessing <https://serviceusage.googleapis.com/v1/projects/cosmic-airline-kgvlf/services:batchEnable?alt=json>: response: <{'vary': 'Origin, X-Origin, Referer', 'content-type': 'application/json; charset=UTF-8', 'content-encoding': 'gzip', 'date': 'Tue, 07 Oct 2025 20:18:17 GMT', 'server': 'ESF', 'x-xss-protection': '0', 'x-frame-options': 'SAMEORIGIN', 'x-content-type-options': 'nosniff', 'alt-svc': 'h3=":443"; ma=2592000,h3-29=":443"; ma=2592000', 'transfer-encoding': 'chunked', 'status': 403}>, content <{
  "error": {
    "code": 403,
    "message": "Permission denied to enable service [cloudfunctions.googleapis.com]\nPermission denied to enable service [drive.googleapis.com]\nPermission denied to enable service [gmail.googleapis.com]\nPermission denied to enable service [pubsub.googleapis.com]\nPermission denied to enable service [sheets.googleapis.com]\nHelp Token: AVSZLmshHqeHnD1s1UpzK2ylRPE4EQkilPh4C7AEsGOCiBpb-mlEzRroJUSLOD3y3vsTbahMgp3WRwkUxaBFi1B5Bbiej9gIBCf6Ruo6PC1sqQUP",
    "status": "PERMISSION_DENIED",
    "details": [
      {
        "@type": "type.googleapis.com/google.rpc.PreconditionFailure",
        "violations": [
          {
            "type": "googleapis.com",
            "subject": "110002"
          }
        ]
      },
      {
        "@type": "type.googleapis.com/google.rpc.ErrorInfo",
        "reason": "AUTH_PERMISSION_DENIED",
        "domain": "serviceusage.googleapis.com"
      }
    ]
  }
}
>

During handling of the above exception, another exception occurred:

Traceback (most recent call last):
  File "/opt/homebrew/share/google-cloud-sdk/lib/googlecloudsdk/calliope/cli.py", line 944, in Execute
    resources = calliope_command.Run(cli=self, args=args)
                ^^^^^^^^^^^^^^^^^^^^^^^^^^^^^^^^^^^^^^^^^
  File "/opt/homebrew/share/google-cloud-sdk/lib/googlecloudsdk/calliope/backend.py", line 955, in Run
    resources = command_instance.Run(args)
                ^^^^^^^^^^^^^^^^^^^^^^^^^^
  File "/opt/homebrew/share/google-cloud-sdk/lib/surface/services/enable.py", line 201, in Run
    op = serviceusage.BatchEnableApiCall(project, args.service)
         ^^^^^^^^^^^^^^^^^^^^^^^^^^^^^^^^^^^^^^^^^^^^^^^^^^^^^^
  File "/opt/homebrew/share/google-cloud-sdk/lib/googlecloudsdk/api_lib/services/serviceusage.py", line 1089, in BatchEnableApiCall
    exceptions.ReraiseError(e, exceptions.EnableServiceException)
  File "/opt/homebrew/share/google-cloud-sdk/lib/googlecloudsdk/api_lib/services/exceptions.py", line 182, in ReraiseError
    core_exceptions.reraise(klass(api_lib_exceptions.HttpException(err)))
  File "/opt/homebrew/share/google-cloud-sdk/lib/googlecloudsdk/core/exceptions.py", line 149, in reraise
    six.reraise(type(exc_value), exc_value, tb)
  File "/opt/homebrew/share/google-cloud-sdk/lib/third_party/six/__init__.py", line 718, in reraise
    raise value.with_traceback(tb)
  File "/opt/homebrew/share/google-cloud-sdk/lib/googlecloudsdk/api_lib/services/serviceusage.py", line 1086, in BatchEnableApiCall
    return client.services.BatchEnable(request)
           ^^^^^^^^^^^^^^^^^^^^^^^^^^^^^^^^^^^^
  File "/opt/homebrew/share/google-cloud-sdk/lib/googlecloudsdk/generated_clients/apis/serviceusage/v1/serviceusage_v1_client.py", line 182, in BatchEnable
    return self._RunMethod(
           ^^^^^^^^^^^^^^^^
  File "/opt/homebrew/share/google-cloud-sdk/lib/third_party/apitools/base/py/base_api.py", line 747, in _RunMethod
    return self.ProcessHttpResponse(method_config, http_response, request)
           ^^^^^^^^^^^^^^^^^^^^^^^^^^^^^^^^^^^^^^^^^^^^^^^^^^^^^^^^^^^^^^^
  File "/opt/homebrew/share/google-cloud-sdk/lib/third_party/apitools/base/py/base_api.py", line 753, in ProcessHttpResponse
    self.__ProcessHttpResponse(method_config, http_response, request))
    ^^^^^^^^^^^^^^^^^^^^^^^^^^^^^^^^^^^^^^^^^^^^^^^^^^^^^^^^^^^^^^^^^
  File "/opt/homebrew/share/google-cloud-sdk/lib/third_party/apitools/base/py/base_api.py", line 612, in __ProcessHttpResponse
    raise exceptions.HttpError.FromResponse(
googlecloudsdk.api_lib.services.exceptions.EnableServiceException: [rsplowman@icloud.com] does not have permission to access projects instance [cosmic-airline-kgvlf] (or it may not exist): Permission denied to enable service [cloudfunctions.googleapis.com]
Permission denied to enable service [drive.googleapis.com]
Permission denied to enable service [gmail.googleapis.com]
Permission denied to enable service [pubsub.googleapis.com]
Permission denied to enable service [sheets.googleapis.com]
Help Token: AVSZLmshHqeHnD1s1UpzK2ylRPE4EQkilPh4C7AEsGOCiBpb-mlEzRroJUSLOD3y3vsTbahMgp3WRwkUxaBFi1B5Bbiej9gIBCf6Ruo6PC1sqQUP. This command is authenticated as rsplowman@icloud.com which is the active account specified by the [core/account] property
- '@type': type.googleapis.com/google.rpc.PreconditionFailure
  violations:
  - subject: '110002'
    type: googleapis.com
- '@type': type.googleapis.com/google.rpc.ErrorInfo
  domain: serviceusage.googleapis.com
  reason: AUTH_PERMISSION_DENIED
2025-10-07 16:18:17,162 ERROR    root            (gcloud.services.enable) [rsplowman@icloud.com] does not have permission to access projects instance [cosmic-airline-kgvlf] (or it may not exist): Permission denied to enable service [cloudfunctions.googleapis.com]
Permission denied to enable service [drive.googleapis.com]
Permission denied to enable service [gmail.googleapis.com]
Permission denied to enable service [pubsub.googleapis.com]
Permission denied to enable service [sheets.googleapis.com]
Help Token: AVSZLmshHqeHnD1s1UpzK2ylRPE4EQkilPh4C7AEsGOCiBpb-mlEzRroJUSLOD3y3vsTbahMgp3WRwkUxaBFi1B5Bbiej9gIBCf6Ruo6PC1sqQUP. This command is authenticated as rsplowman@icloud.com which is the active account specified by the [core/account] property
- '@type': type.googleapis.com/google.rpc.PreconditionFailure
  violations:
  - subject: '110002'
    type: googleapis.com
- '@type': type.googleapis.com/google.rpc.ErrorInfo
  domain: serviceusage.googleapis.com
  reason: AUTH_PERMISSION_DENIED
